mode: set
github.com/jimmy-go/jobq/jobqueue.go:26.31,36.2 2 1
github.com/jimmy-go/jobq/jobqueue.go:40.24,41.12 1 1
github.com/jimmy-go/jobq/jobqueue.go:41.12,43.7 1 1
github.com/jimmy-go/jobq/jobqueue.go:43.7,45.11 1 1
github.com/jimmy-go/jobq/jobqueue.go:46.4,47.12 1 1
github.com/jimmy-go/jobq/jobqueue.go:48.5,49.13 1 1
github.com/jimmy-go/jobq/jobqueue.go:52.5,54.12 1 1
github.com/jimmy-go/jobq/jobqueue.go:50.6,50.27 0 1
github.com/jimmy-go/jobq/jobqueue.go:71.72,72.14 1 1
github.com/jimmy-go/jobq/jobqueue.go:75.2,75.18 1 1
github.com/jimmy-go/jobq/jobqueue.go:78.2,86.15 3 1
github.com/jimmy-go/jobq/jobqueue.go:72.14,74.3 1 1
github.com/jimmy-go/jobq/jobqueue.go:75.18,77.3 1 1
github.com/jimmy-go/jobq/jobqueue.go:90.28,92.30 1 1
github.com/jimmy-go/jobq/jobqueue.go:96.2,96.17 1 1
github.com/jimmy-go/jobq/jobqueue.go:92.30,95.3 2 1
github.com/jimmy-go/jobq/jobqueue.go:99.33,100.6 1 1
github.com/jimmy-go/jobq/jobqueue.go:100.6,101.10 1 1
github.com/jimmy-go/jobq/jobqueue.go:102.3,103.11 1 1
github.com/jimmy-go/jobq/jobqueue.go:104.4,105.12 1 1
github.com/jimmy-go/jobq/jobqueue.go:106.5,106.22 0 1
github.com/jimmy-go/jobq/jobqueue.go:114.33,115.9 1 1
github.com/jimmy-go/jobq/jobqueue.go:116.2,116.20 0 1
github.com/jimmy-go/jobq/jobqueue.go:121.29,122.30 1 1
github.com/jimmy-go/jobq/jobqueue.go:122.30,123.10 1 1
github.com/jimmy-go/jobq/jobqueue.go:124.3,124.29 0 1
