mode: set
github.com/jimmy-go/jobq/jobqueue.go:26.31,36.2 2 1
github.com/jimmy-go/jobq/jobqueue.go:40.24,41.12 1 1
github.com/jimmy-go/jobq/jobqueue.go:41.12,43.7 1 1
github.com/jimmy-go/jobq/jobqueue.go:43.7,47.11 2 1
github.com/jimmy-go/jobq/jobqueue.go:48.4,49.12 1 1
github.com/jimmy-go/jobq/jobqueue.go:52.4,54.11 1 1
github.com/jimmy-go/jobq/jobqueue.go:50.5,50.26 0 1
github.com/jimmy-go/jobq/jobqueue.go:70.72,71.14 1 1
github.com/jimmy-go/jobq/jobqueue.go:74.2,74.18 1 1
github.com/jimmy-go/jobq/jobqueue.go:77.2,85.15 3 1
github.com/jimmy-go/jobq/jobqueue.go:71.14,73.3 1 1
github.com/jimmy-go/jobq/jobqueue.go:74.18,76.3 1 1
github.com/jimmy-go/jobq/jobqueue.go:89.28,91.30 1 1
github.com/jimmy-go/jobq/jobqueue.go:95.2,95.17 1 1
github.com/jimmy-go/jobq/jobqueue.go:91.30,94.3 2 1
github.com/jimmy-go/jobq/jobqueue.go:98.33,99.6 1 1
github.com/jimmy-go/jobq/jobqueue.go:99.6,100.10 1 1
github.com/jimmy-go/jobq/jobqueue.go:101.3,102.11 1 1
github.com/jimmy-go/jobq/jobqueue.go:103.4,104.12 1 1
github.com/jimmy-go/jobq/jobqueue.go:105.5,105.22 0 1
github.com/jimmy-go/jobq/jobqueue.go:113.33,114.9 1 1
github.com/jimmy-go/jobq/jobqueue.go:115.2,115.20 0 1
github.com/jimmy-go/jobq/jobqueue.go:120.29,121.30 1 1
github.com/jimmy-go/jobq/jobqueue.go:121.30,122.10 1 1
github.com/jimmy-go/jobq/jobqueue.go:123.3,123.29 0 1
